# JRE version: Java(TM) SE Runtime Environment (17.0.8+9) (build 17.0.8+9-LTS-211)
# Java VM: Java HotSpot(TM) 64-Bit Server VM (17.0.8+9-LTS-211, mixed mode, sharing, tiered, compressed oops, compressed class ptrs, g1 gc, windows-amd64)
GC Precious Log:
 CPUs: 12 total, 12 available
 Memory: 15741M
 Large Page Support: Disabled
 NUMA Support: Disabled
 Compressed Oops: Enabled (Zero based)
 Heap Region Size: 2M
 Heap Min Capacity: 8M
 Heap Initial Capacity: 246M
 Heap Max Capacity: 3936M
 Pre-touch: Disabled
 Parallel Workers: 10
 Concurrent Workers: 3
 Concurrent Refinement Workers: 10
 Periodic GC: Disabled
Heap:
 garbage-first heap   total 110592K, used 63893K [0x000000070a000000, 0x0000000800000000)
  region size 2048K, 18 young (36864K), 2 survivors (4096K)
 Metaspace       used 70770K, committed 71360K, reserved 1114112K
  class space    used 9385K, committed 9664K, reserved 1048576K
GC Heap History (20 events):
Event: 3.083 GC heap before
{Heap before GC invocations=6 (full 0):
 garbage-first heap   total 61440K, used 37608K [0x000000070a000000, 0x0000000800000000)
  region size 2048K, 14 young (28672K), 3 survivors (6144K)
 Metaspace       used 32636K, committed 33024K, reserved 1114112K
  class space    used 4289K, committed 4480K, reserved 1048576K
}
Event: 3.086 GC heap after
{Heap after GC invocations=7 (full 0):
 garbage-first heap   total 61440K, used 18482K [0x000000070a000000, 0x0000000800000000)
  region size 2048K, 1 young (2048K), 1 survivors (2048K)
 Metaspace       used 32636K, committed 33024K, reserved 1114112K
  class space    used 4289K, committed 4480K, reserved 1048576K
}
Event: 3.235 GC heap before
{Heap before GC invocations=7 (full 0):
 garbage-first heap   total 61440K, used 26674K [0x000000070a000000, 0x0000000800000000)
  region size 2048K, 6 young (12288K), 1 survivors (2048K)
 Metaspace       used 35615K, committed 35968K, reserved 1114112K
  class space    used 4614K, committed 4800K, reserved 1048576K
}
Event: 3.237 GC heap after
{Heap after GC invocations=8 (full 0):
 garbage-first heap   total 61440K, used 18943K [0x000000070a000000, 0x0000000800000000)
  region size 2048K, 1 young (2048K), 1 survivors (2048K)
 Metaspace       used 35615K, committed 35968K, reserved 1114112K
  class space    used 4614K, committed 4800K, reserved 1048576K
}
Event: 3.778 GC heap before
{Heap before GC invocations=9 (full 0):
 garbage-first heap   total 61440K, used 41471K [0x000000070a000000, 0x0000000800000000)
  region size 2048K, 13 young (26624K), 1 survivors (2048K)
 Metaspace       used 44608K, committed 45056K, reserved 1114112K
  class space    used 5778K, committed 6016K, reserved 1048576K
}
Event: 3.781 GC heap after
{Heap after GC invocations=10 (full 0):
 garbage-first heap   total 61440K, used 21262K [0x000000070a000000, 0x0000000800000000)
  region size 2048K, 2 young (4096K), 2 survivors (4096K)
 Metaspace       used 44608K, committed 45056K, reserved 1114112K
  class space    used 5778K, committed 6016K, reserved 1048576K
}
Event: 4.149 GC heap before
{Heap before GC invocations=10 (full 0):
 garbage-first heap   total 61440K, used 41742K [0x000000070a000000, 0x0000000800000000)
  region size 2048K, 13 young (26624K), 2 survivors (4096K)
 Metaspace       used 50540K, committed 51008K, reserved 1114112K
  class space    used 6749K, committed 6976K, reserved 1048576K
}
Event: 4.153 GC heap after
{Heap after GC invocations=11 (full 0):
 garbage-first heap   total 61440K, used 22731K [0x000000070a000000, 0x0000000800000000)
  region size 2048K, 1 young (2048K), 1 survivors (2048K)
 Metaspace       used 50540K, committed 51008K, reserved 1114112K
  class space    used 6749K, committed 6976K, reserved 1048576K
}
Event: 4.540 GC heap before
{Heap before GC invocations=11 (full 0):
 garbage-first heap   total 61440K, used 45259K [0x000000070a000000, 0x0000000800000000)
  region size 2048K, 12 young (24576K), 1 survivors (2048K)
 Metaspace       used 55249K, committed 55680K, reserved 1114112K
  class space    used 7404K, committed 7616K, reserved 1048576K
}
Event: 4.542 GC heap after
{Heap after GC invocations=12 (full 0):
 garbage-first heap   total 61440K, used 24068K [0x000000070a000000, 0x0000000800000000)
  region size 2048K, 2 young (4096K), 2 survivors (4096K)
 Metaspace       used 55249K, committed 55680K, reserved 1114112K
  class space    used 7404K, committed 7616K, reserved 1048576K
}
Event: 4.750 GC heap before
{Heap before GC invocations=12 (full 0):
 garbage-first heap   total 61440K, used 42500K [0x000000070a000000, 0x0000000800000000)
  region size 2048K, 12 young (24576K), 2 survivors (4096K)
 Metaspace       used 57029K, committed 57472K, reserved 1114112K
  class space    used 7620K, committed 7808K, reserved 1048576K
}
Event: 4.753 GC heap after
{Heap after GC invocations=13 (full 0):
 garbage-first heap   total 61440K, used 25191K [0x000000070a000000, 0x0000000800000000)
  region size 2048K, 2 young (4096K), 2 survivors (4096K)
 Metaspace       used 57029K, committed 57472K, reserved 1114112K
  class space    used 7620K, committed 7808K, reserved 1048576K
}
Event: 4.955 GC heap before
{Heap before GC invocations=13 (full 0):
 garbage-first heap   total 61440K, used 45671K [0x000000070a000000, 0x0000000800000000)
  region size 2048K, 12 young (24576K), 2 survivors (4096K)
 Metaspace       used 59698K, committed 60160K, reserved 1114112K
  class space    used 8132K, committed 8320K, reserved 1048576K
}
Event: 4.958 GC heap after
{Heap after GC invocations=14 (full 0):
 garbage-first heap   total 157696K, used 26375K [0x000000070a000000, 0x0000000800000000)
  region size 2048K, 2 young (4096K), 2 survivors (4096K)
 Metaspace       used 59698K, committed 60160K, reserved 1114112K
  class space    used 8132K, committed 8320K, reserved 1048576K
}
Event: 4.987 GC heap before
{Heap before GC invocations=14 (full 0):
 garbage-first heap   total 157696K, used 30471K [0x000000070a000000, 0x0000000800000000)
  region size 2048K, 5 young (10240K), 2 survivors (4096K)
 Metaspace       used 59817K, committed 60288K, reserved 1114112K
  class space    used 8143K, committed 8384K, reserved 1048576K
}
Event: 4.989 GC heap after
{Heap after GC invocations=15 (full 0):
 garbage-first heap   total 157696K, used 26448K [0x000000070a000000, 0x0000000800000000)
  region size 2048K, 2 young (4096K), 2 survivors (4096K)
 Metaspace       used 59817K, committed 60288K, reserved 1114112K
  class space    used 8143K, committed 8384K, reserved 1048576K
}
Event: 309.557 GC heap before
{Heap before GC invocations=16 (full 0):
 garbage-first heap   total 110592K, used 85840K [0x000000070a000000, 0x0000000800000000)
  region size 2048K, 32 young (65536K), 2 survivors (4096K)
 Metaspace       used 69161K, committed 69696K, reserved 1114112K
  class space    used 9330K, committed 9600K, reserved 1048576K
}
Event: 309.562 GC heap after
{Heap after GC invocations=17 (full 0):
 garbage-first heap   total 110592K, used 30599K [0x000000070a000000, 0x0000000800000000)
  region size 2048K, 4 young (8192K), 4 survivors (8192K)
 Metaspace       used 69161K, committed 69696K, reserved 1114112K
  class space    used 9330K, committed 9600K, reserved 1048576K
}
Event: 35270.157 GC heap before
{Heap before GC invocations=17 (full 0):
 garbage-first heap   total 110592K, used 79751K [0x000000070a000000, 0x0000000800000000)
  region size 2048K, 29 young (59392K), 4 survivors (8192K)
 Metaspace       used 70606K, committed 71232K, reserved 1114112K
  class space    used 9384K, committed 9664K, reserved 1048576K
}
Event: 35270.184 GC heap after
{Heap after GC invocations=18 (full 0):
 garbage-first heap   total 110592K, used 33173K [0x000000070a000000, 0x0000000800000000)
  region size 2048K, 2 young (4096K), 2 survivors (4096K)
 Metaspace       used 70606K, committed 71232K, reserved 1114112K
  class space    used 9384K, committed 9664K, reserved 1048576K
}

