# JRE version: OpenJDK Runtime Environment Temurin-17.0.11+9 (17.0.11+9) (build 17.0.11+9)
# Java VM: OpenJDK 64-Bit Server VM Temurin-17.0.11+9 (17.0.11+9, mixed mode, emulated-client, tiered, compressed oops, compressed class ptrs, g1 gc, windows-amd64)
GC Precious Log:
 CPUs: 12 total, 12 available
 Memory: 15741M
 Large Page Support: Disabled
 NUMA Support: Disabled
 Compressed Oops: Enabled (32-bit)
 Heap Region Size: 1M
 Heap Min Capacity: 8M
 Heap Initial Capacity: 246M
 Heap Max Capacity: 1G
 Pre-touch: Disabled
 Parallel Workers: 10
 Concurrent Workers: 3
 Concurrent Refinement Workers: 10
 Periodic GC: Disabled
Heap:
 garbage-first heap   total 140288K, used 41177K [0x00000000c0000000, 0x0000000100000000)
  region size 1024K, 1 young (1024K), 0 survivors (0K)
 Metaspace       used 63262K, committed 63808K, reserved 1114112K
  class space    used 8061K, committed 8320K, reserved 1048576K
GC Heap History (20 events):
Event: 168753.212 GC heap before
{Heap before GC invocations=4480 (full 4285):
 garbage-first heap   total 140288K, used 41177K [0x00000000c0000000, 0x0000000100000000)
  region size 1024K, 1 young (1024K), 0 survivors (0K)
 Metaspace       used 63262K, committed 63808K, reserved 1114112K
  class space    used 8061K, committed 8320K, reserved 1048576K
}
Event: 168753.244 GC heap after
{Heap after GC invocations=4481 (full 4286):
 garbage-first heap   total 140288K, used 41177K [0x00000000c0000000, 0x0000000100000000)
  region size 1024K, 0 young (0K), 0 survivors (0K)
 Metaspace       used 63262K, committed 63808K, reserved 1114112K
  class space    used 8061K, committed 8320K, reserved 1048576K
}
Event: 168763.283 GC heap before
{Heap before GC invocations=4481 (full 4286):
 garbage-first heap   total 140288K, used 41177K [0x00000000c0000000, 0x0000000100000000)
  region size 1024K, 1 young (1024K), 0 survivors (0K)
 Metaspace       used 63262K, committed 63808K, reserved 1114112K
  class space    used 8061K, committed 8320K, reserved 1048576K
}
Event: 168763.314 GC heap after
{Heap after GC invocations=4482 (full 4287):
 garbage-first heap   total 140288K, used 41177K [0x00000000c0000000, 0x0000000100000000)
  region size 1024K, 0 young (0K), 0 survivors (0K)
 Metaspace       used 63262K, committed 63808K, reserved 1114112K
  class space    used 8061K, committed 8320K, reserved 1048576K
}
Event: 168773.368 GC heap before
{Heap before GC invocations=4482 (full 4287):
 garbage-first heap   total 140288K, used 41177K [0x00000000c0000000, 0x0000000100000000)
  region size 1024K, 1 young (1024K), 0 survivors (0K)
 Metaspace       used 63262K, committed 63808K, reserved 1114112K
  class space    used 8061K, committed 8320K, reserved 1048576K
}
Event: 168773.398 GC heap after
{Heap after GC invocations=4483 (full 4288):
 garbage-first heap   total 140288K, used 41177K [0x00000000c0000000, 0x0000000100000000)
  region size 1024K, 0 young (0K), 0 survivors (0K)
 Metaspace       used 63262K, committed 63808K, reserved 1114112K
  class space    used 8061K, committed 8320K, reserved 1048576K
}
Event: 168783.438 GC heap before
{Heap before GC invocations=4483 (full 4288):
 garbage-first heap   total 140288K, used 41177K [0x00000000c0000000, 0x0000000100000000)
  region size 1024K, 1 young (1024K), 0 survivors (0K)
 Metaspace       used 63262K, committed 63808K, reserved 1114112K
  class space    used 8061K, committed 8320K, reserved 1048576K
}
Event: 168783.471 GC heap after
{Heap after GC invocations=4484 (full 4289):
 garbage-first heap   total 140288K, used 41177K [0x00000000c0000000, 0x0000000100000000)
  region size 1024K, 0 young (0K), 0 survivors (0K)
 Metaspace       used 63262K, committed 63808K, reserved 1114112K
  class space    used 8061K, committed 8320K, reserved 1048576K
}
Event: 168793.517 GC heap before
{Heap before GC invocations=4484 (full 4289):
 garbage-first heap   total 140288K, used 41177K [0x00000000c0000000, 0x0000000100000000)
  region size 1024K, 1 young (1024K), 0 survivors (0K)
 Metaspace       used 63262K, committed 63808K, reserved 1114112K
  class space    used 8061K, committed 8320K, reserved 1048576K
}
Event: 168793.549 GC heap after
{Heap after GC invocations=4485 (full 4290):
 garbage-first heap   total 140288K, used 41177K [0x00000000c0000000, 0x0000000100000000)
  region size 1024K, 0 young (0K), 0 survivors (0K)
 Metaspace       used 63262K, committed 63808K, reserved 1114112K
  class space    used 8061K, committed 8320K, reserved 1048576K
}
Event: 168803.588 GC heap before
{Heap before GC invocations=4485 (full 4290):
 garbage-first heap   total 140288K, used 41177K [0x00000000c0000000, 0x0000000100000000)
  region size 1024K, 1 young (1024K), 0 survivors (0K)
 Metaspace       used 63262K, committed 63808K, reserved 1114112K
  class space    used 8061K, committed 8320K, reserved 1048576K
}
Event: 168803.622 GC heap after
{Heap after GC invocations=4486 (full 4291):
 garbage-first heap   total 140288K, used 41177K [0x00000000c0000000, 0x0000000100000000)
  region size 1024K, 0 young (0K), 0 survivors (0K)
 Metaspace       used 63262K, committed 63808K, reserved 1114112K
  class space    used 8061K, committed 8320K, reserved 1048576K
}
Event: 168813.678 GC heap before
{Heap before GC invocations=4486 (full 4291):
 garbage-first heap   total 140288K, used 41177K [0x00000000c0000000, 0x0000000100000000)
  region size 1024K, 1 young (1024K), 0 survivors (0K)
 Metaspace       used 63262K, committed 63808K, reserved 1114112K
  class space    used 8061K, committed 8320K, reserved 1048576K
}
Event: 168813.709 GC heap after
{Heap after GC invocations=4487 (full 4292):
 garbage-first heap   total 140288K, used 41177K [0x00000000c0000000, 0x0000000100000000)
  region size 1024K, 0 young (0K), 0 survivors (0K)
 Metaspace       used 63262K, committed 63808K, reserved 1114112K
  class space    used 8061K, committed 8320K, reserved 1048576K
}
Event: 168823.767 GC heap before
{Heap before GC invocations=4487 (full 4292):
 garbage-first heap   total 140288K, used 41177K [0x00000000c0000000, 0x0000000100000000)
  region size 1024K, 1 young (1024K), 0 survivors (0K)
 Metaspace       used 63262K, committed 63808K, reserved 1114112K
  class space    used 8061K, committed 8320K, reserved 1048576K
}
Event: 168823.800 GC heap after
{Heap after GC invocations=4488 (full 4293):
 garbage-first heap   total 140288K, used 41177K [0x00000000c0000000, 0x0000000100000000)
  region size 1024K, 0 young (0K), 0 survivors (0K)
 Metaspace       used 63262K, committed 63808K, reserved 1114112K
  class space    used 8061K, committed 8320K, reserved 1048576K
}
Event: 168833.855 GC heap before
{Heap before GC invocations=4488 (full 4293):
 garbage-first heap   total 140288K, used 41177K [0x00000000c0000000, 0x0000000100000000)
  region size 1024K, 1 young (1024K), 0 survivors (0K)
 Metaspace       used 63262K, committed 63808K, reserved 1114112K
  class space    used 8061K, committed 8320K, reserved 1048576K
}
Event: 168833.888 GC heap after
{Heap after GC invocations=4489 (full 4294):
 garbage-first heap   total 140288K, used 41177K [0x00000000c0000000, 0x0000000100000000)
  region size 1024K, 0 young (0K), 0 survivors (0K)
 Metaspace       used 63262K, committed 63808K, reserved 1114112K
  class space    used 8061K, committed 8320K, reserved 1048576K
}
Event: 168843.948 GC heap before
{Heap before GC invocations=4489 (full 4294):
 garbage-first heap   total 140288K, used 41177K [0x00000000c0000000, 0x0000000100000000)
  region size 1024K, 1 young (1024K), 0 survivors (0K)
 Metaspace       used 63262K, committed 63808K, reserved 1114112K
  class space    used 8061K, committed 8320K, reserved 1048576K
}
Event: 168843.982 GC heap after
{Heap after GC invocations=4490 (full 4295):
 garbage-first heap   total 140288K, used 41177K [0x00000000c0000000, 0x0000000100000000)
  region size 1024K, 0 young (0K), 0 survivors (0K)
 Metaspace       used 63262K, committed 63808K, reserved 1114112K
  class space    used 8061K, committed 8320K, reserved 1048576K
}

