# JRE version: OpenJDK Runtime Environment Temurin-17.0.11+9 (17.0.11+9) (build 17.0.11+9)
# Java VM: OpenJDK 64-Bit Server VM Temurin-17.0.11+9 (17.0.11+9, mixed mode, emulated-client, tiered, compressed oops, compressed class ptrs, g1 gc, windows-amd64)
GC Precious Log:
 CPUs: 12 total, 12 available
 Memory: 15741M
 Large Page Support: Disabled
 NUMA Support: Disabled
 Compressed Oops: Enabled (32-bit)
 Heap Region Size: 1M
 Heap Min Capacity: 8M
 Heap Initial Capacity: 246M
 Heap Max Capacity: 1G
 Pre-touch: Disabled
 Parallel Workers: 10
 Concurrent Workers: 3
 Concurrent Refinement Workers: 10
 Periodic GC: Disabled
Heap:
 garbage-first heap   total 97280K, used 38188K [0x00000000c0000000, 0x0000000100000000)
  region size 1024K, 1 young (1024K), 0 survivors (0K)
 Metaspace       used 61950K, committed 62464K, reserved 1114112K
  class space    used 7562K, committed 7808K, reserved 1048576K
GC Heap History (20 events):
Event: 12971.637 GC heap before
{Heap before GC invocations=1090 (full 988):
 garbage-first heap   total 97280K, used 38188K [0x00000000c0000000, 0x0000000100000000)
  region size 1024K, 1 young (1024K), 0 survivors (0K)
 Metaspace       used 61950K, committed 62464K, reserved 1114112K
  class space    used 7562K, committed 7808K, reserved 1048576K
}
Event: 12971.685 GC heap after
{Heap after GC invocations=1091 (full 989):
 garbage-first heap   total 97280K, used 38188K [0x00000000c0000000, 0x0000000100000000)
  region size 1024K, 0 young (0K), 0 survivors (0K)
 Metaspace       used 61950K, committed 62464K, reserved 1114112K
  class space    used 7562K, committed 7808K, reserved 1048576K
}
Event: 12981.741 GC heap before
{Heap before GC invocations=1091 (full 989):
 garbage-first heap   total 97280K, used 38188K [0x00000000c0000000, 0x0000000100000000)
  region size 1024K, 1 young (1024K), 0 survivors (0K)
 Metaspace       used 61950K, committed 62464K, reserved 1114112K
  class space    used 7562K, committed 7808K, reserved 1048576K
}
Event: 12981.777 GC heap after
{Heap after GC invocations=1092 (full 990):
 garbage-first heap   total 97280K, used 38188K [0x00000000c0000000, 0x0000000100000000)
  region size 1024K, 0 young (0K), 0 survivors (0K)
 Metaspace       used 61950K, committed 62464K, reserved 1114112K
  class space    used 7562K, committed 7808K, reserved 1048576K
}
Event: 12991.897 GC heap before
{Heap before GC invocations=1092 (full 990):
 garbage-first heap   total 97280K, used 38188K [0x00000000c0000000, 0x0000000100000000)
  region size 1024K, 1 young (1024K), 0 survivors (0K)
 Metaspace       used 61950K, committed 62464K, reserved 1114112K
  class space    used 7562K, committed 7808K, reserved 1048576K
}
Event: 12991.966 GC heap after
{Heap after GC invocations=1093 (full 991):
 garbage-first heap   total 97280K, used 38188K [0x00000000c0000000, 0x0000000100000000)
  region size 1024K, 0 young (0K), 0 survivors (0K)
 Metaspace       used 61950K, committed 62464K, reserved 1114112K
  class space    used 7562K, committed 7808K, reserved 1048576K
}
Event: 13002.060 GC heap before
{Heap before GC invocations=1093 (full 991):
 garbage-first heap   total 97280K, used 38188K [0x00000000c0000000, 0x0000000100000000)
  region size 1024K, 1 young (1024K), 0 survivors (0K)
 Metaspace       used 61950K, committed 62464K, reserved 1114112K
  class space    used 7562K, committed 7808K, reserved 1048576K
}
Event: 13002.117 GC heap after
{Heap after GC invocations=1094 (full 992):
 garbage-first heap   total 97280K, used 38188K [0x00000000c0000000, 0x0000000100000000)
  region size 1024K, 0 young (0K), 0 survivors (0K)
 Metaspace       used 61950K, committed 62464K, reserved 1114112K
  class space    used 7562K, committed 7808K, reserved 1048576K
}
Event: 13012.234 GC heap before
{Heap before GC invocations=1094 (full 992):
 garbage-first heap   total 97280K, used 38188K [0x00000000c0000000, 0x0000000100000000)
  region size 1024K, 1 young (1024K), 0 survivors (0K)
 Metaspace       used 61950K, committed 62464K, reserved 1114112K
  class space    used 7562K, committed 7808K, reserved 1048576K
}
Event: 13012.301 GC heap after
{Heap after GC invocations=1095 (full 993):
 garbage-first heap   total 97280K, used 38188K [0x00000000c0000000, 0x0000000100000000)
  region size 1024K, 0 young (0K), 0 survivors (0K)
 Metaspace       used 61950K, committed 62464K, reserved 1114112K
  class space    used 7562K, committed 7808K, reserved 1048576K
}
Event: 13022.402 GC heap before
{Heap before GC invocations=1095 (full 993):
 garbage-first heap   total 97280K, used 38188K [0x00000000c0000000, 0x0000000100000000)
  region size 1024K, 1 young (1024K), 0 survivors (0K)
 Metaspace       used 61950K, committed 62464K, reserved 1114112K
  class space    used 7562K, committed 7808K, reserved 1048576K
}
Event: 13022.479 GC heap after
{Heap after GC invocations=1096 (full 994):
 garbage-first heap   total 97280K, used 38188K [0x00000000c0000000, 0x0000000100000000)
  region size 1024K, 0 young (0K), 0 survivors (0K)
 Metaspace       used 61950K, committed 62464K, reserved 1114112K
  class space    used 7562K, committed 7808K, reserved 1048576K
}
Event: 13032.591 GC heap before
{Heap before GC invocations=1096 (full 994):
 garbage-first heap   total 97280K, used 38188K [0x00000000c0000000, 0x0000000100000000)
  region size 1024K, 1 young (1024K), 0 survivors (0K)
 Metaspace       used 61950K, committed 62464K, reserved 1114112K
  class space    used 7562K, committed 7808K, reserved 1048576K
}
Event: 13032.690 GC heap after
{Heap after GC invocations=1097 (full 995):
 garbage-first heap   total 97280K, used 38188K [0x00000000c0000000, 0x0000000100000000)
  region size 1024K, 0 young (0K), 0 survivors (0K)
 Metaspace       used 61950K, committed 62464K, reserved 1114112K
  class space    used 7562K, committed 7808K, reserved 1048576K
}
Event: 13042.797 GC heap before
{Heap before GC invocations=1097 (full 995):
 garbage-first heap   total 97280K, used 38188K [0x00000000c0000000, 0x0000000100000000)
  region size 1024K, 1 young (1024K), 0 survivors (0K)
 Metaspace       used 61950K, committed 62464K, reserved 1114112K
  class space    used 7562K, committed 7808K, reserved 1048576K
}
Event: 13042.871 GC heap after
{Heap after GC invocations=1098 (full 996):
 garbage-first heap   total 97280K, used 38188K [0x00000000c0000000, 0x0000000100000000)
  region size 1024K, 0 young (0K), 0 survivors (0K)
 Metaspace       used 61950K, committed 62464K, reserved 1114112K
  class space    used 7562K, committed 7808K, reserved 1048576K
}
Event: 13052.963 GC heap before
{Heap before GC invocations=1098 (full 996):
 garbage-first heap   total 97280K, used 38188K [0x00000000c0000000, 0x0000000100000000)
  region size 1024K, 1 young (1024K), 0 survivors (0K)
 Metaspace       used 61950K, committed 62464K, reserved 1114112K
  class space    used 7562K, committed 7808K, reserved 1048576K
}
Event: 13053.036 GC heap after
{Heap after GC invocations=1099 (full 997):
 garbage-first heap   total 97280K, used 38188K [0x00000000c0000000, 0x0000000100000000)
  region size 1024K, 0 young (0K), 0 survivors (0K)
 Metaspace       used 61950K, committed 62464K, reserved 1114112K
  class space    used 7562K, committed 7808K, reserved 1048576K
}
Event: 13063.151 GC heap before
{Heap before GC invocations=1099 (full 997):
 garbage-first heap   total 97280K, used 38188K [0x00000000c0000000, 0x0000000100000000)
  region size 1024K, 1 young (1024K), 0 survivors (0K)
 Metaspace       used 61950K, committed 62464K, reserved 1114112K
  class space    used 7562K, committed 7808K, reserved 1048576K
}
Event: 13063.206 GC heap after
{Heap after GC invocations=1100 (full 998):
 garbage-first heap   total 97280K, used 38188K [0x00000000c0000000, 0x0000000100000000)
  region size 1024K, 0 young (0K), 0 survivors (0K)
 Metaspace       used 61950K, committed 62464K, reserved 1114112K
  class space    used 7562K, committed 7808K, reserved 1048576K
}

